<?xml version="1.0" encoding="UTF-8"?>
<coverage generated="1704124333286" clover="3.2.0">
  <project timestamp="1704124333286" name="All files">
    <metrics statements="18" coveredstatements="15" conditionals="3" coveredconditionals="2" methods="5" coveredmethods="4" elements="26" coveredelements="21" complexity="0" loc="18" ncloc="18" packages="1" files="1" classes="1"/>
    <file name="LRUCache.ts" path="C:\Users\NGUYEN KE AN\Documents\stage-4eme\snowpack\image-search\backend\src\main\cache\LRUCache.ts">
      <metrics statements="18" coveredstatements="15" conditionals="3" coveredconditionals="2" methods="5" coveredmethods="4"/>
      <line num="14" count="3" type="stmt"/>
      <line num="15" count="3" type="stmt"/>
      <line num="19" count="0" type="cond" truecount="0" falsecount="1"/>
      <line num="20" count="0" type="stmt"/>
      <line num="22" count="0" type="stmt"/>
      <line num="26" count="7" type="cond" truecount="1" falsecount="0"/>
      <line num="27" count="5" type="stmt"/>
      <line num="28" count="5" type="stmt"/>
      <line num="29" count="5" type="stmt"/>
      <line num="30" count="5" type="stmt"/>
      <line num="32" count="2" type="stmt"/>
      <line num="37" count="5" type="cond" truecount="1" falsecount="0"/>
      <line num="38" count="1" type="stmt"/>
      <line num="39" count="1" type="stmt"/>
      <line num="41" count="5" type="stmt"/>
      <line num="52" count="5" type="stmt"/>
      <line num="53" count="5" type="stmt"/>
      <line num="57" count="1" type="stmt"/>
    </file>
  </project>
</coverage>
