{"C:\\Users\\NGUYEN KE AN\\Documents\\stage-4eme\\snowpack\\image-search\\backend\\src\\main\\cache\\LRUCache.ts": {"path":"C:\\Users\\NGUYEN KE AN\\Documents\\stage-4eme\\snowpack\\image-search\\backend\\src\\main\\cache\\LRUCache.ts","statementMap":{"0":{"start":{"line":13,"column":8},"end":{"line":13,"column":31}},"1":{"start":{"line":14,"column":8},"end":{"line":14,"column":null}},"2":{"start":{"line":19,"column":8},"end":{"line":24,"column":9}},"3":{"start":{"line":20,"column":32},"end":{"line":20,"column":62}},"4":{"start":{"line":21,"column":12},"end":{"line":21,"column":35}},"5":{"start":{"line":22,"column":12},"end":{"line":22,"column":38}},"6":{"start":{"line":23,"column":12},"end":{"line":23,"column":30}},"7":{"start":{"line":25,"column":8},"end":{"line":25,"column":25}},"8":{"start":{"line":30,"column":8},"end":{"line":33,"column":9}},"9":{"start":{"line":31,"column":33},"end":{"line":31,"column":63}},"10":{"start":{"line":32,"column":12},"end":{"line":32,"column":38}},"11":{"start":{"line":34,"column":8},"end":{"line":34,"column":53}},"12":{"start":{"line":45,"column":8},"end":{"line":45,"column":23}},"13":{"start":{"line":46,"column":8},"end":{"line":46,"column":27}},"14":{"start":{"line":53,"column":0},"end":{"line":53,"column":24}}},"fnMap":{"0":{"name":"(anonymous_0)","decl":{"start":{"line":12,"column":4},"end":{"line":12,"column":16}},"loc":{"start":{"line":12,"column":31},"end":{"line":15,"column":5}}},"1":{"name":"(anonymous_1)","decl":{"start":{"line":18,"column":11},"end":{"line":18,"column":14}},"loc":{"start":{"line":18,"column":26},"end":{"line":26,"column":5}}},"2":{"name":"(anonymous_2)","decl":{"start":{"line":29,"column":11},"end":{"line":29,"column":14}},"loc":{"start":{"line":29,"column":36},"end":{"line":35,"column":5}}},"3":{"name":"(anonymous_3)","decl":{"start":{"line":44,"column":4},"end":{"line":44,"column":16}},"loc":{"start":{"line":44,"column":37},"end":{"line":47,"column":5}}}},"branchMap":{"0":{"loc":{"start":{"line":19,"column":8},"end":{"line":24,"column":9}},"type":"if","locations":[{"start":{"line":19,"column":8},"end":{"line":24,"column":9}}]},"1":{"loc":{"start":{"line":30,"column":8},"end":{"line":33,"column":9}},"type":"if","locations":[{"start":{"line":30,"column":8},"end":{"line":33,"column":9}}]}},"s":{"0":3,"1":3,"2":7,"3":5,"4":5,"5":5,"6":5,"7":2,"8":5,"9":1,"10":1,"11":5,"12":5,"13":5,"14":1},"f":{"0":3,"1":7,"2":5,"3":5},"b":{"0":[5],"1":[1]}}
}
