{"C:\\Users\\NGUYEN KE AN\\Documents\\stage-4eme\\snowpack\\image-search\\backend\\src\\main\\cache\\LRUCache.ts": {"path":"C:\\Users\\NGUYEN KE AN\\Documents\\stage-4eme\\snowpack\\image-search\\backend\\src\\main\\cache\\LRUCache.ts","statementMap":{"0":{"start":{"line":14,"column":8},"end":{"line":14,"column":31}},"1":{"start":{"line":15,"column":8},"end":{"line":15,"column":null}},"2":{"start":{"line":19,"column":8},"end":{"line":21,"column":9}},"3":{"start":{"line":20,"column":12},"end":{"line":20,"column":57}},"4":{"start":{"line":22,"column":8},"end":{"line":22,"column":33}},"5":{"start":{"line":26,"column":8},"end":{"line":31,"column":9}},"6":{"start":{"line":27,"column":32},"end":{"line":27,"column":62}},"7":{"start":{"line":28,"column":12},"end":{"line":28,"column":35}},"8":{"start":{"line":29,"column":12},"end":{"line":29,"column":38}},"9":{"start":{"line":30,"column":12},"end":{"line":30,"column":30}},"10":{"start":{"line":32,"column":8},"end":{"line":32,"column":25}},"11":{"start":{"line":37,"column":8},"end":{"line":40,"column":9}},"12":{"start":{"line":38,"column":33},"end":{"line":38,"column":63}},"13":{"start":{"line":39,"column":12},"end":{"line":39,"column":38}},"14":{"start":{"line":41,"column":8},"end":{"line":41,"column":53}},"15":{"start":{"line":52,"column":8},"end":{"line":52,"column":23}},"16":{"start":{"line":53,"column":8},"end":{"line":53,"column":27}},"17":{"start":{"line":57,"column":0},"end":{"line":57,"column":24}}},"fnMap":{"0":{"name":"(anonymous_0)","decl":{"start":{"line":13,"column":4},"end":{"line":13,"column":16}},"loc":{"start":{"line":13,"column":31},"end":{"line":16,"column":5}}},"1":{"name":"(anonymous_1)","decl":{"start":{"line":18,"column":11},"end":{"line":18,"column":17}},"loc":{"start":{"line":18,"column":48},"end":{"line":23,"column":5}}},"2":{"name":"(anonymous_2)","decl":{"start":{"line":25,"column":11},"end":{"line":25,"column":14}},"loc":{"start":{"line":25,"column":26},"end":{"line":33,"column":5}}},"3":{"name":"(anonymous_3)","decl":{"start":{"line":36,"column":11},"end":{"line":36,"column":14}},"loc":{"start":{"line":36,"column":36},"end":{"line":42,"column":5}}},"4":{"name":"(anonymous_4)","decl":{"start":{"line":51,"column":4},"end":{"line":51,"column":16}},"loc":{"start":{"line":51,"column":37},"end":{"line":54,"column":5}}}},"branchMap":{"0":{"loc":{"start":{"line":19,"column":8},"end":{"line":21,"column":9}},"type":"if","locations":[{"start":{"line":19,"column":8},"end":{"line":21,"column":9}}]},"1":{"loc":{"start":{"line":26,"column":8},"end":{"line":31,"column":9}},"type":"if","locations":[{"start":{"line":26,"column":8},"end":{"line":31,"column":9}}]},"2":{"loc":{"start":{"line":37,"column":8},"end":{"line":40,"column":9}},"type":"if","locations":[{"start":{"line":37,"column":8},"end":{"line":40,"column":9}}]}},"s":{"0":3,"1":3,"2":0,"3":0,"4":0,"5":7,"6":5,"7":5,"8":5,"9":5,"10":2,"11":5,"12":1,"13":1,"14":5,"15":5,"16":5,"17":1},"f":{"0":3,"1":0,"2":7,"3":5,"4":5},"b":{"0":[0],"1":[5],"2":[1]}}
}
